/students/slow/ GET 10.01551365852356
/favicon.ico GET 0.011020898818969727
/students/slow/ GET 10.020533084869385
/favicon.ico GET 0.017247438430786133
/students/slow/ GET 0.04313349723815918
/students/slow/ GET 0.0018515586853027344
/students/slow/ GET 0.002163410186767578
/students/slow/ GET 0.0017795562744140625
/students/slow/ GET 0.0017547607421875
/students/slow/ GET 0.0019311904907226562
/students/slow/ GET 0.0012791156768798828
/students/slow/ GET 0.0015289783477783203
/students/slow/ GET 0.002022266387939453
/students/slow/ GET 0.0014243125915527344
/students/slow/ GET 0.00154876708984375
/students/slow/ GET 0.002290487289428711
/students/slow/ GET 0.0026407241821289062
/students/slow/ GET 0.0018696784973144531
/students/slow/ GET 0.0016026496887207031
/students/slow/ GET 0.0018939971923828125
/students/slow/ GET 0.0016586780548095703
/students/slow/ GET 0.002986431121826172
/students/slow/ GET 0.0017457008361816406
/students/slow/ GET 0.001196146011352539
/students/slow/ GET 0.0014121532440185547
/students/slow/ GET 0.0014429092407226562
/students/slow/ GET 0.00286102294921875
/students/slow/ GET 0.0014052391052246094
/students/slow/ GET 0.0026810169219970703
/students/slow/ GET 0.001436471939086914
/students/slow/ GET 0.0032117366790771484
/students/slow/ GET 0.003925800323486328
/students/slow/ GET 0.00348663330078125
/students/slow/ GET 0.0017242431640625
/students/slow/ GET 0.001973390579223633
/students/slow/ GET 0.0016109943389892578
/students/slow/ GET 0.0032203197479248047
/students/slow/ GET 0.0029103755950927734
/students/slow/ GET 0.0016551017761230469
/students/slow/ GET 0.0017681121826171875
/students/slow/ GET 0.001773834228515625
/students/slow/ GET 0.0020151138305664062
/students/slow/ GET 0.0012829303741455078
/students/slow/ GET 0.035199642181396484
/students/slow/ GET 0.002156496047973633
/students/slow/ GET 0.0012383460998535156
/students/slow/ GET 0.0030121803283691406
/students/slow/ GET 0.0021784305572509766
/students/slow/ GET 0.0014386177062988281
/students/slow/ GET 0.0016138553619384766
/students/slow/ GET 0.0017232894897460938
/students/slow/ GET 0.002233266830444336
/students/slow/ GET 0.0034389495849609375
/students/slow/ GET 0.001796722412109375
/students/slow/ GET 0.0015299320220947266
/students/slow/ GET 0.0014123916625976562
/students/slow/ GET 0.0025398731231689453
/students/slow/ GET 0.00670170783996582
/students/slow/ GET 0.002483844757080078
/students/slow/ GET 0.0022232532501220703
/students/slow/ GET 0.0029001235961914062
/students/slow/ GET 0.0017766952514648438
/students/slow/ GET 0.002050161361694336
/students/slow/ GET 0.001588582992553711
/students/slow/ GET 0.0013914108276367188
/students/slow/ GET 0.001476287841796875
/students/slow/ GET 0.002093791961669922
/students/slow/ GET 0.0016589164733886719
/students/slow/ GET 0.0017118453979492188
/students/slow/ GET 0.002106189727783203
/students/slow/ GET 0.001962423324584961
/students/slow/ GET 0.0017600059509277344
/students/slow/ GET 0.002179384231567383
/students/slow/ GET 0.002260446548461914
/students/slow/ GET 0.0015323162078857422
/students/slow/ GET 0.0019025802612304688
/students/slow/ GET 0.0020341873168945312
/students/slow/ GET 0.0016791820526123047
/students/slow/ GET 0.0018126964569091797
/students/slow/ GET 0.0023126602172851562
/students/slow/ GET 0.0028231143951416016
/students/slow/ GET 0.001943826675415039
/students/slow/ GET 0.0016567707061767578
/students/slow/ GET 0.0022182464599609375
/students/slow/ GET 0.0012774467468261719
/students/slow/ GET 0.0012865066528320312
/students/slow/ GET 0.0019352436065673828
/students/slow/ GET 0.0014824867248535156
/students/slow/ GET 0.001836538314819336
/students/slow/ GET 0.001535177230834961
/students/slow/ GET 0.002020120620727539
/students/slow/ GET 0.0019061565399169922
/students/slow/ GET 0.0018949508666992188
/students/slow/ GET 0.003943920135498047
/students/slow/ GET 0.0012657642364501953
/students/slow/ GET 0.0018417835235595703
/students/slow/ GET 0.0027008056640625
/students/slow/ GET 0.002430438995361328
/students/slow/ GET 0.00170135498046875
/students/slow/ GET 0.0018193721771240234
/students/slow/ GET 0.001969575881958008
/students/slow/ GET 0.001247406005859375
/students/slow/ GET 0.0015583038330078125
/students/slow/ GET 0.0027251243591308594
/students/slow/ GET 0.002476930618286133
/students/slow/ GET 0.0022323131561279297
/students/slow/ GET 0.002737760543823242
/students/slow/ GET 0.0012714862823486328
/students/slow/ GET 0.0011477470397949219
/students/slow/ GET 0.0029153823852539062
/students/slow/ GET 0.0020198822021484375
/students/slow/ GET 0.002110719680786133
/students/slow/ GET 0.002033710479736328
/students/slow/ GET 0.002215862274169922
/students/slow/ GET 0.002784252166748047
/students/slow/ GET 0.0028219223022460938
/students/slow/ GET 0.0022704601287841797
/students/slow/ GET 0.0017688274383544922
/students/slow/ GET 0.0017745494842529297
/students/slow/ GET 0.0022852420806884766
/students/slow/ GET 0.0013871192932128906
/students/slow/ GET 0.0015020370483398438
/students/slow/ GET 0.0016007423400878906
/students/slow/ GET 0.0020990371704101562
/students/slow/ GET 0.008244514465332031
/students/slow/ GET 0.0015339851379394531
/students/slow/ GET 0.003208637237548828
/students/slow/ GET 0.0012328624725341797
/students/slow/ GET 0.002835512161254883
/students/slow/ GET 0.001641988754272461
/students/slow/ GET 0.0019397735595703125
/students/slow/ GET 0.0013375282287597656
/students/slow/ GET 0.0015244483947753906
/students/slow/ GET 0.0020918846130371094
/students/slow/ GET 0.0020186901092529297
/students/slow/ GET 0.001974821090698242
/students/slow/ GET 0.0015108585357666016
/students/slow/ GET 0.0018527507781982422
/students/slow/ GET 0.0016658306121826172
/students/slow/ GET 0.0013859272003173828
/students/slow/ GET 0.0017304420471191406
/students/slow/ GET 0.0018126964569091797
/students/slow/ GET 0.0019474029541015625
/students/slow/ GET 0.0019378662109375
/students/slow/ GET 0.03747129440307617
/students/slow/ GET 0.0024509429931640625
/students/slow/ GET 0.26958632469177246
/students/slow/ GET 0.1245274543762207
/students/slow/ GET 0.10983586311340332
/favicon.ico GET 0.010301828384399414
/students/slow/ GET 0.012523889541625977
/students/slow/ GET 0.03183865547180176
/students/slow/ GET 0.08230209350585938
/favicon.ico GET 0.1144263744354248
/favicon.ico GET 0.05921483039855957
/students/slow/ GET 0.043390750885009766
/favicon.ico GET 0.04899334907531738
/students/slow/ GET 0.035935401916503906
/students/slow/ GET 0.029873132705688477
/favicon.ico GET 0.040070295333862305
/students/slow/ GET 0.06537199020385742
/students/slow/ GET 0.02772831916809082
/favicon.ico GET 0.11683297157287598
/students/slow/ GET 0.1757802963256836
/students/slow/ GET 0.23952746391296387
/students/slow/ GET 0.014933109283447266
/students/slow/ GET 0.014739036560058594
/students/slow/ GET 0.011788129806518555
/students/slow/ GET 0.02243328094482422
/students/slow/ GET 0.009883880615234375
/students/slow/ GET 0.014940023422241211
/students/slow/ GET 0.011734962463378906
/students/slow/ GET 0.015856027603149414
/students/slow/ GET 0.011875152587890625
/students/slow/ GET 0.013137578964233398
/students/slow/ GET 0.018595218658447266
/students/slow/ GET 0.015510082244873047
/students/slow/ GET 0.01241922378540039
/students/slow/ GET 0.011657238006591797
/students/slow/ GET 0.023070812225341797
/students/slow/ GET 0.04337167739868164
/students/slow/ GET 0.012205123901367188
/students/slow/ GET 0.010025739669799805
/students/slow/ GET 0.008908987045288086
/students/slow/ GET 0.012482404708862305
/students/slow/ GET 0.0143280029296875
/students/slow/ GET 0.011627674102783203
/students/slow/ GET 0.012397289276123047
/students/slow/ GET 0.014811515808105469
/students/slow/ GET 0.016883373260498047
/students/slow/ GET 0.016950607299804688
/students/slow/ GET 0.019582748413085938
/students/slow/ GET 0.01163172721862793
/students/slow/ GET 0.015514850616455078
/students/ GET 0.01651763916015625
/students/list/ GET 0.6883792877197266
/students/create/ GET 0.04822397232055664
/students/edit/2/ GET 0.039902687072753906
/students/slow/ GET 110.42122173309326
